2019-09-10 19:51:04,189 [Worker-0: Loading available Gradle versions] INFO  o.e.b.c.i.u.g.PublishedGradleVersions - Gradle version information cache is up-to-date. Trying to read.
2019-09-10 20:03:31,709 [Worker-21: Enabling Maven Dependency Management] INFO  o.e.m.c.i.l.LifecycleMappingFactory - Using org.maven.ide.eclipse.wtp.WarLifecycleMapping lifecycle mapping for MavenProject: com.bookstore:BookStoreWebsite:0.0.1-SNAPSHOT @ /Users/christophercatzin/Desktop/BookStore/BookStoreWebsite/BookStoreWebsite/pom.xml.
2019-09-10 20:03:34,079 [Worker-20: Building workspace] WARN  o.e.m.c.i.embedder.EclipseLogger - Using platform encoding (UTF-8 actually) to copy filtered resources, i.e. build is platform dependent!
2019-09-10 20:03:34,081 [Worker-20: Building workspace] INFO  o.e.m.c.i.embedder.EclipseLogger - skip non existing resourceDirectory /Users/christophercatzin/Desktop/BookStore/BookStoreWebsite/BookStoreWebsite/src/main/resources
2019-09-10 20:03:34,083 [Worker-20: Building workspace] WARN  o.e.m.c.i.embedder.EclipseLogger - Using platform encoding (UTF-8 actually) to copy filtered resources, i.e. build is platform dependent!
2019-09-10 20:03:34,085 [Worker-20: Building workspace] INFO  o.e.m.c.i.embedder.EclipseLogger - skip non existing resourceDirectory /Users/christophercatzin/Desktop/BookStore/BookStoreWebsite/BookStoreWebsite/src/test/resources
2019-09-10 20:03:34,107 [Worker-21: Enabling Maven Dependency Management] INFO  o.e.m.j.i.AbstractJavaProjectConfigurator - Adding source folder /BookStoreWebsite/src
2019-09-10 20:03:34,113 [Worker-21: Enabling Maven Dependency Management] INFO  o.e.m.j.i.AbstractJavaProjectConfigurator - Adding source folder /BookStoreWebsite/test
2019-09-10 20:03:34,919 [Worker-21: Enabling Maven Dependency Management] INFO  o.e.m.c.i.p.ProjectConfigurationManager - Update started
2019-09-10 20:03:35,543 [Worker-21: Enabling Maven Dependency Management] INFO  o.e.m.c.i.l.LifecycleMappingFactory - Using org.maven.ide.eclipse.wtp.WarLifecycleMapping lifecycle mapping for MavenProject: com.bookstore:BookStoreWebsite:0.0.1-SNAPSHOT @ /Users/christophercatzin/Desktop/BookStore/BookStoreWebsite/BookStoreWebsite/pom.xml.
2019-09-10 20:03:37,313 [Worker-22: Building workspace] WARN  o.e.m.c.i.embedder.EclipseLogger - Using platform encoding (UTF-8 actually) to copy filtered resources, i.e. build is platform dependent!
2019-09-10 20:03:37,321 [Worker-22: Building workspace] INFO  o.e.m.c.i.embedder.EclipseLogger - skip non existing resourceDirectory /Users/christophercatzin/Desktop/BookStore/BookStoreWebsite/BookStoreWebsite/src/main/resources
2019-09-10 20:03:37,324 [Worker-22: Building workspace] WARN  o.e.m.c.i.embedder.EclipseLogger - Using platform encoding (UTF-8 actually) to copy filtered resources, i.e. build is platform dependent!
2019-09-10 20:03:37,325 [Worker-22: Building workspace] INFO  o.e.m.c.i.embedder.EclipseLogger - skip non existing resourceDirectory /Users/christophercatzin/Desktop/BookStore/BookStoreWebsite/BookStoreWebsite/src/test/resources
2019-09-10 20:03:37,326 [Worker-22: Building workspace] INFO  o.e.m.w.i.f.ResourceFilteringBuildParticipant - Changed resources require a complete clean of filtered resources of BookStoreWebsite
2019-09-10 20:03:37,326 [Worker-22: Building workspace] INFO  o.e.m.w.i.f.ResourceFilteringBuildParticipant - Executing resource filtering for BookStoreWebsite
2019-09-10 20:03:37,346 [Worker-22: Building workspace] WARN  o.e.m.c.i.embedder.EclipseLogger - Using platform encoding (UTF-8 actually) to copy filtered resources, i.e. build is platform dependent!
2019-09-10 20:03:37,391 [Worker-21: Enabling Maven Dependency Management] INFO  o.e.m.j.i.AbstractJavaProjectConfigurator - Adding source folder /BookStoreWebsite/src
2019-09-10 20:03:37,394 [Worker-21: Enabling Maven Dependency Management] INFO  o.e.m.j.i.AbstractJavaProjectConfigurator - Adding source folder /BookStoreWebsite/test
2019-09-10 20:03:38,010 [Worker-21: Enabling Maven Dependency Management] INFO  o.e.m.w.i.f.ResourceFilteringBuildParticipant - Cleaning filtered folder for BookStoreWebsite
2019-09-10 20:03:38,076 [Worker-21: Enabling Maven Dependency Management] INFO  o.e.m.c.i.p.ProjectConfigurationManager - Update completed: 3 sec
2019-09-10 20:03:38,395 [Worker-14: Building workspace] WARN  o.e.m.c.i.embedder.EclipseLogger - Using platform encoding (UTF-8 actually) to copy filtered resources, i.e. build is platform dependent!
2019-09-10 20:03:38,396 [Worker-14: Building workspace] INFO  o.e.m.c.i.embedder.EclipseLogger - skip non existing resourceDirectory /Users/christophercatzin/Desktop/BookStore/BookStoreWebsite/BookStoreWebsite/src/main/resources
2019-09-10 20:03:38,397 [Worker-14: Building workspace] WARN  o.e.m.c.i.embedder.EclipseLogger - Using platform encoding (UTF-8 actually) to copy filtered resources, i.e. build is platform dependent!
2019-09-10 20:03:38,398 [Worker-14: Building workspace] INFO  o.e.m.c.i.embedder.EclipseLogger - skip non existing resourceDirectory /Users/christophercatzin/Desktop/BookStore/BookStoreWebsite/BookStoreWebsite/src/test/resources
2019-09-10 20:03:38,399 [Worker-14: Building workspace] INFO  o.e.m.w.i.f.ResourceFilteringBuildParticipant - Changed resources require a complete clean of filtered resources of BookStoreWebsite
2019-09-10 20:03:38,399 [Worker-14: Building workspace] INFO  o.e.m.w.i.f.ResourceFilteringBuildParticipant - Executing resource filtering for BookStoreWebsite
2019-09-10 20:03:38,407 [Worker-14: Building workspace] WARN  o.e.m.c.i.embedder.EclipseLogger - Using platform encoding (UTF-8 actually) to copy filtered resources, i.e. build is platform dependent!
2019-09-10 20:05:36,484 [Worker-22: Building workspace] INFO  o.e.m.c.i.l.LifecycleMappingFactory - Using org.maven.ide.eclipse.wtp.WarLifecycleMapping lifecycle mapping for MavenProject: com.bookstore:BookStoreWebsite:0.0.1-SNAPSHOT @ /Users/christophercatzin/Desktop/BookStore/BookStoreWebsite/BookStoreWebsite/pom.xml.
2019-09-10 20:05:37,508 [Worker-22: Building workspace] WARN  o.e.m.c.i.embedder.EclipseLogger - Using platform encoding (UTF-8 actually) to copy filtered resources, i.e. build is platform dependent!
2019-09-10 20:05:37,509 [Worker-22: Building workspace] INFO  o.e.m.c.i.embedder.EclipseLogger - skip non existing resourceDirectory /Users/christophercatzin/Desktop/BookStore/BookStoreWebsite/BookStoreWebsite/src/main/resources
2019-09-10 20:05:37,513 [Worker-22: Building workspace] WARN  o.e.m.c.i.embedder.EclipseLogger - Using platform encoding (UTF-8 actually) to copy filtered resources, i.e. build is platform dependent!
2019-09-10 20:05:37,514 [Worker-22: Building workspace] INFO  o.e.m.c.i.embedder.EclipseLogger - skip non existing resourceDirectory /Users/christophercatzin/Desktop/BookStore/BookStoreWebsite/BookStoreWebsite/src/test/resources
2019-09-10 20:05:37,515 [Worker-22: Building workspace] INFO  o.e.m.w.i.f.ResourceFilteringBuildParticipant - Changed resources require a complete clean of filtered resources of BookStoreWebsite
2019-09-10 20:05:37,515 [Worker-22: Building workspace] INFO  o.e.m.w.i.f.ResourceFilteringBuildParticipant - Executing resource filtering for BookStoreWebsite
2019-09-10 20:05:37,521 [Worker-22: Building workspace] WARN  o.e.m.c.i.embedder.EclipseLogger - Using platform encoding (UTF-8 actually) to copy filtered resources, i.e. build is platform dependent!
2019-09-10 20:41:56,506 [Worker-27: Building workspace] WARN  o.e.m.c.i.embedder.EclipseLogger - Using platform encoding (UTF-8 actually) to copy filtered resources, i.e. build is platform dependent!
2019-09-10 20:41:56,507 [Worker-27: Building workspace] INFO  o.e.m.c.i.embedder.EclipseLogger - skip non existing resourceDirectory /Users/christophercatzin/Desktop/BookStore/BookStoreWebsite/BookStoreWebsite/src/main/resources
2019-09-10 20:41:56,510 [Worker-27: Building workspace] WARN  o.e.m.c.i.embedder.EclipseLogger - Using platform encoding (UTF-8 actually) to copy filtered resources, i.e. build is platform dependent!
2019-09-10 20:41:56,511 [Worker-27: Building workspace] INFO  o.e.m.c.i.embedder.EclipseLogger - skip non existing resourceDirectory /Users/christophercatzin/Desktop/BookStore/BookStoreWebsite/BookStoreWebsite/src/test/resources
2019-09-10 20:58:54,649 [Worker-31: Building workspace] WARN  o.e.m.c.i.embedder.EclipseLogger - Using platform encoding (UTF-8 actually) to copy filtered resources, i.e. build is platform dependent!
2019-09-10 20:58:54,659 [Worker-31: Building workspace] INFO  o.e.m.c.i.embedder.EclipseLogger - skip non existing resourceDirectory /Users/christophercatzin/Desktop/BookStore/BookStoreWebsite/BookStoreWebsite/src/main/resources
2019-09-10 20:58:54,661 [Worker-31: Building workspace] WARN  o.e.m.c.i.embedder.EclipseLogger - Using platform encoding (UTF-8 actually) to copy filtered resources, i.e. build is platform dependent!
2019-09-10 20:58:54,662 [Worker-31: Building workspace] INFO  o.e.m.c.i.embedder.EclipseLogger - skip non existing resourceDirectory /Users/christophercatzin/Desktop/BookStore/BookStoreWebsite/BookStoreWebsite/src/test/resources
2019-09-10 20:59:13,632 [Worker-27: Building workspace] WARN  o.e.m.c.i.embedder.EclipseLogger - Using platform encoding (UTF-8 actually) to copy filtered resources, i.e. build is platform dependent!
2019-09-10 20:59:13,633 [Worker-27: Building workspace] INFO  o.e.m.c.i.embedder.EclipseLogger - skip non existing resourceDirectory /Users/christophercatzin/Desktop/BookStore/BookStoreWebsite/BookStoreWebsite/src/main/resources
2019-09-10 20:59:13,636 [Worker-27: Building workspace] WARN  o.e.m.c.i.embedder.EclipseLogger - Using platform encoding (UTF-8 actually) to copy filtered resources, i.e. build is platform dependent!
2019-09-10 20:59:13,638 [Worker-27: Building workspace] INFO  o.e.m.c.i.embedder.EclipseLogger - skip non existing resourceDirectory /Users/christophercatzin/Desktop/BookStore/BookStoreWebsite/BookStoreWebsite/src/test/resources
2019-09-10 20:59:38,813 [Worker-30: Building workspace] WARN  o.e.m.c.i.embedder.EclipseLogger - Using platform encoding (UTF-8 actually) to copy filtered resources, i.e. build is platform dependent!
2019-09-10 20:59:38,814 [Worker-30: Building workspace] INFO  o.e.m.c.i.embedder.EclipseLogger - skip non existing resourceDirectory /Users/christophercatzin/Desktop/BookStore/BookStoreWebsite/BookStoreWebsite/src/main/resources
2019-09-10 20:59:38,816 [Worker-30: Building workspace] WARN  o.e.m.c.i.embedder.EclipseLogger - Using platform encoding (UTF-8 actually) to copy filtered resources, i.e. build is platform dependent!
2019-09-10 20:59:38,817 [Worker-30: Building workspace] INFO  o.e.m.c.i.embedder.EclipseLogger - skip non existing resourceDirectory /Users/christophercatzin/Desktop/BookStore/BookStoreWebsite/BookStoreWebsite/src/test/resources
2019-09-10 20:59:53,569 [Worker-32: Building workspace] WARN  o.e.m.c.i.embedder.EclipseLogger - Using platform encoding (UTF-8 actually) to copy filtered resources, i.e. build is platform dependent!
2019-09-10 20:59:53,572 [Worker-32: Building workspace] INFO  o.e.m.c.i.embedder.EclipseLogger - skip non existing resourceDirectory /Users/christophercatzin/Desktop/BookStore/BookStoreWebsite/BookStoreWebsite/src/main/resources
2019-09-10 20:59:53,574 [Worker-32: Building workspace] WARN  o.e.m.c.i.embedder.EclipseLogger - Using platform encoding (UTF-8 actually) to copy filtered resources, i.e. build is platform dependent!
2019-09-10 20:59:53,575 [Worker-32: Building workspace] INFO  o.e.m.c.i.embedder.EclipseLogger - skip non existing resourceDirectory /Users/christophercatzin/Desktop/BookStore/BookStoreWebsite/BookStoreWebsite/src/test/resources
2019-09-10 21:00:41,768 [Worker-32: Building workspace] WARN  o.e.m.c.i.embedder.EclipseLogger - Using platform encoding (UTF-8 actually) to copy filtered resources, i.e. build is platform dependent!
2019-09-10 21:00:41,769 [Worker-32: Building workspace] INFO  o.e.m.c.i.embedder.EclipseLogger - skip non existing resourceDirectory /Users/christophercatzin/Desktop/BookStore/BookStoreWebsite/BookStoreWebsite/src/main/resources
2019-09-10 21:00:41,771 [Worker-32: Building workspace] WARN  o.e.m.c.i.embedder.EclipseLogger - Using platform encoding (UTF-8 actually) to copy filtered resources, i.e. build is platform dependent!
2019-09-10 21:00:41,771 [Worker-32: Building workspace] INFO  o.e.m.c.i.embedder.EclipseLogger - skip non existing resourceDirectory /Users/christophercatzin/Desktop/BookStore/BookStoreWebsite/BookStoreWebsite/src/test/resources
2019-09-10 21:01:12,542 [Worker-32: Building workspace] WARN  o.e.m.c.i.embedder.EclipseLogger - Using platform encoding (UTF-8 actually) to copy filtered resources, i.e. build is platform dependent!
2019-09-10 21:01:12,543 [Worker-32: Building workspace] INFO  o.e.m.c.i.embedder.EclipseLogger - skip non existing resourceDirectory /Users/christophercatzin/Desktop/BookStore/BookStoreWebsite/BookStoreWebsite/src/main/resources
2019-09-10 21:01:12,545 [Worker-32: Building workspace] WARN  o.e.m.c.i.embedder.EclipseLogger - Using platform encoding (UTF-8 actually) to copy filtered resources, i.e. build is platform dependent!
2019-09-10 21:01:12,547 [Worker-32: Building workspace] INFO  o.e.m.c.i.embedder.EclipseLogger - skip non existing resourceDirectory /Users/christophercatzin/Desktop/BookStore/BookStoreWebsite/BookStoreWebsite/src/test/resources
2019-09-10 21:04:44,592 [Worker-31: Building workspace] WARN  o.e.m.c.i.embedder.EclipseLogger - Using platform encoding (UTF-8 actually) to copy filtered resources, i.e. build is platform dependent!
2019-09-10 21:04:44,593 [Worker-31: Building workspace] INFO  o.e.m.c.i.embedder.EclipseLogger - skip non existing resourceDirectory /Users/christophercatzin/Desktop/BookStore/BookStoreWebsite/BookStoreWebsite/src/main/resources
2019-09-10 21:04:44,601 [Worker-31: Building workspace] WARN  o.e.m.c.i.embedder.EclipseLogger - Using platform encoding (UTF-8 actually) to copy filtered resources, i.e. build is platform dependent!
2019-09-10 21:04:44,602 [Worker-31: Building workspace] INFO  o.e.m.c.i.embedder.EclipseLogger - skip non existing resourceDirectory /Users/christophercatzin/Desktop/BookStore/BookStoreWebsite/BookStoreWebsite/src/test/resources
2019-09-10 21:04:56,071 [Worker-34: Building workspace] WARN  o.e.m.c.i.embedder.EclipseLogger - Using platform encoding (UTF-8 actually) to copy filtered resources, i.e. build is platform dependent!
2019-09-10 21:04:56,073 [Worker-34: Building workspace] INFO  o.e.m.c.i.embedder.EclipseLogger - skip non existing resourceDirectory /Users/christophercatzin/Desktop/BookStore/BookStoreWebsite/BookStoreWebsite/src/main/resources
2019-09-10 21:04:56,075 [Worker-34: Building workspace] WARN  o.e.m.c.i.embedder.EclipseLogger - Using platform encoding (UTF-8 actually) to copy filtered resources, i.e. build is platform dependent!
2019-09-10 21:04:56,076 [Worker-34: Building workspace] INFO  o.e.m.c.i.embedder.EclipseLogger - skip non existing resourceDirectory /Users/christophercatzin/Desktop/BookStore/BookStoreWebsite/BookStoreWebsite/src/test/resources
2019-09-10 21:05:07,038 [Worker-33: Building workspace] WARN  o.e.m.c.i.embedder.EclipseLogger - Using platform encoding (UTF-8 actually) to copy filtered resources, i.e. build is platform dependent!
2019-09-10 21:05:07,039 [Worker-33: Building workspace] INFO  o.e.m.c.i.embedder.EclipseLogger - skip non existing resourceDirectory /Users/christophercatzin/Desktop/BookStore/BookStoreWebsite/BookStoreWebsite/src/main/resources
2019-09-10 21:05:07,042 [Worker-33: Building workspace] WARN  o.e.m.c.i.embedder.EclipseLogger - Using platform encoding (UTF-8 actually) to copy filtered resources, i.e. build is platform dependent!
2019-09-10 21:05:07,043 [Worker-33: Building workspace] INFO  o.e.m.c.i.embedder.EclipseLogger - skip non existing resourceDirectory /Users/christophercatzin/Desktop/BookStore/BookStoreWebsite/BookStoreWebsite/src/test/resources
2019-09-10 21:05:17,836 [Worker-34: Building workspace] WARN  o.e.m.c.i.embedder.EclipseLogger - Using platform encoding (UTF-8 actually) to copy filtered resources, i.e. build is platform dependent!
2019-09-10 21:05:17,840 [Worker-34: Building workspace] INFO  o.e.m.c.i.embedder.EclipseLogger - skip non existing resourceDirectory /Users/christophercatzin/Desktop/BookStore/BookStoreWebsite/BookStoreWebsite/src/main/resources
2019-09-10 21:05:17,847 [Worker-34: Building workspace] WARN  o.e.m.c.i.embedder.EclipseLogger - Using platform encoding (UTF-8 actually) to copy filtered resources, i.e. build is platform dependent!
2019-09-10 21:05:17,848 [Worker-34: Building workspace] INFO  o.e.m.c.i.embedder.EclipseLogger - skip non existing resourceDirectory /Users/christophercatzin/Desktop/BookStore/BookStoreWebsite/BookStoreWebsite/src/test/resources
2019-09-10 21:05:30,379 [Worker-34: Building workspace] WARN  o.e.m.c.i.embedder.EclipseLogger - Using platform encoding (UTF-8 actually) to copy filtered resources, i.e. build is platform dependent!
2019-09-10 21:05:30,381 [Worker-34: Building workspace] INFO  o.e.m.c.i.embedder.EclipseLogger - skip non existing resourceDirectory /Users/christophercatzin/Desktop/BookStore/BookStoreWebsite/BookStoreWebsite/src/main/resources
2019-09-10 21:05:30,383 [Worker-34: Building workspace] WARN  o.e.m.c.i.embedder.EclipseLogger - Using platform encoding (UTF-8 actually) to copy filtered resources, i.e. build is platform dependent!
2019-09-10 21:05:30,386 [Worker-34: Building workspace] INFO  o.e.m.c.i.embedder.EclipseLogger - skip non existing resourceDirectory /Users/christophercatzin/Desktop/BookStore/BookStoreWebsite/BookStoreWebsite/src/test/resources
2019-09-10 21:05:45,252 [Worker-34: Building workspace] WARN  o.e.m.c.i.embedder.EclipseLogger - Using platform encoding (UTF-8 actually) to copy filtered resources, i.e. build is platform dependent!
2019-09-10 21:05:45,253 [Worker-34: Building workspace] INFO  o.e.m.c.i.embedder.EclipseLogger - skip non existing resourceDirectory /Users/christophercatzin/Desktop/BookStore/BookStoreWebsite/BookStoreWebsite/src/main/resources
2019-09-10 21:05:45,254 [Worker-34: Building workspace] WARN  o.e.m.c.i.embedder.EclipseLogger - Using platform encoding (UTF-8 actually) to copy filtered resources, i.e. build is platform dependent!
2019-09-10 21:05:45,255 [Worker-34: Building workspace] INFO  o.e.m.c.i.embedder.EclipseLogger - skip non existing resourceDirectory /Users/christophercatzin/Desktop/BookStore/BookStoreWebsite/BookStoreWebsite/src/test/resources
2019-09-10 21:10:13,891 [Worker-38: Building workspace] WARN  o.e.m.c.i.embedder.EclipseLogger - Using platform encoding (UTF-8 actually) to copy filtered resources, i.e. build is platform dependent!
2019-09-10 21:10:13,896 [Worker-38: Building workspace] INFO  o.e.m.c.i.embedder.EclipseLogger - skip non existing resourceDirectory /Users/christophercatzin/Desktop/BookStore/BookStoreWebsite/BookStoreWebsite/src/main/resources
2019-09-10 21:10:13,898 [Worker-38: Building workspace] WARN  o.e.m.c.i.embedder.EclipseLogger - Using platform encoding (UTF-8 actually) to copy filtered resources, i.e. build is platform dependent!
2019-09-10 21:10:13,904 [Worker-38: Building workspace] INFO  o.e.m.c.i.embedder.EclipseLogger - skip non existing resourceDirectory /Users/christophercatzin/Desktop/BookStore/BookStoreWebsite/BookStoreWebsite/src/test/resources
2019-09-10 21:12:05,415 [Worker-37: Building workspace] WARN  o.e.m.c.i.embedder.EclipseLogger - Using platform encoding (UTF-8 actually) to copy filtered resources, i.e. build is platform dependent!
2019-09-10 21:12:05,418 [Worker-37: Building workspace] INFO  o.e.m.c.i.embedder.EclipseLogger - skip non existing resourceDirectory /Users/christophercatzin/Desktop/BookStore/BookStoreWebsite/BookStoreWebsite/src/main/resources
2019-09-10 21:12:05,420 [Worker-37: Building workspace] WARN  o.e.m.c.i.embedder.EclipseLogger - Using platform encoding (UTF-8 actually) to copy filtered resources, i.e. build is platform dependent!
2019-09-10 21:12:05,423 [Worker-37: Building workspace] INFO  o.e.m.c.i.embedder.EclipseLogger - skip non existing resourceDirectory /Users/christophercatzin/Desktop/BookStore/BookStoreWebsite/BookStoreWebsite/src/test/resources
2019-09-10 21:29:55,107 [Worker-48: Building workspace] WARN  o.e.m.c.i.embedder.EclipseLogger - Using platform encoding (UTF-8 actually) to copy filtered resources, i.e. build is platform dependent!
2019-09-10 21:29:55,121 [Worker-48: Building workspace] INFO  o.e.m.c.i.embedder.EclipseLogger - skip non existing resourceDirectory /Users/christophercatzin/Desktop/BookStore/BookStoreWebsite/BookStoreWebsite/src/main/resources
2019-09-10 21:29:55,127 [Worker-48: Building workspace] WARN  o.e.m.c.i.embedder.EclipseLogger - Using platform encoding (UTF-8 actually) to copy filtered resources, i.e. build is platform dependent!
2019-09-10 21:29:55,128 [Worker-48: Building workspace] INFO  o.e.m.c.i.embedder.EclipseLogger - skip non existing resourceDirectory /Users/christophercatzin/Desktop/BookStore/BookStoreWebsite/BookStoreWebsite/src/test/resources
2019-09-10 21:40:26,811 [Worker-5: Loading available Gradle versions] INFO  o.e.b.c.i.u.g.PublishedGradleVersions - Gradle version information cache is up-to-date. Trying to read.
2019-09-10 21:40:36,162 [Worker-13: Building workspace] WARN  o.e.m.c.i.embedder.EclipseLogger - Using platform encoding (UTF-8 actually) to copy filtered resources, i.e. build is platform dependent!
2019-09-10 21:40:36,166 [Worker-13: Building workspace] INFO  o.e.m.c.i.embedder.EclipseLogger - skip non existing resourceDirectory /Users/christophercatzin/BookStore/BookStoreWebsite/BookStoreWebsite/src/main/resources
2019-09-10 21:40:36,172 [Worker-13: Building workspace] WARN  o.e.m.c.i.embedder.EclipseLogger - Using platform encoding (UTF-8 actually) to copy filtered resources, i.e. build is platform dependent!
2019-09-10 21:40:36,173 [Worker-13: Building workspace] INFO  o.e.m.c.i.embedder.EclipseLogger - skip non existing resourceDirectory /Users/christophercatzin/BookStore/BookStoreWebsite/BookStoreWebsite/src/test/resources
2019-09-10 21:50:36,735 [Worker-2: Loading available Gradle versions] INFO  o.e.b.c.i.u.g.PublishedGradleVersions - Gradle version information cache is up-to-date. Trying to read.
2019-09-10 21:50:43,170 [Worker-9: Building workspace] WARN  o.e.m.c.i.embedder.EclipseLogger - Using platform encoding (UTF-8 actually) to copy filtered resources, i.e. build is platform dependent!
2019-09-10 21:50:43,172 [Worker-9: Building workspace] INFO  o.e.m.c.i.embedder.EclipseLogger - skip non existing resourceDirectory /Users/christophercatzin/BookStore/BookStoreWebsite/BookStoreWebsite/src/main/resources
2019-09-10 21:50:43,178 [Worker-9: Building workspace] WARN  o.e.m.c.i.embedder.EclipseLogger - Using platform encoding (UTF-8 actually) to copy filtered resources, i.e. build is platform dependent!
2019-09-10 21:50:43,179 [Worker-9: Building workspace] INFO  o.e.m.c.i.embedder.EclipseLogger - skip non existing resourceDirectory /Users/christophercatzin/BookStore/BookStoreWebsite/BookStoreWebsite/src/test/resources
2019-09-10 22:43:39,004 [Worker-20: Building workspace] WARN  o.e.m.c.i.embedder.EclipseLogger - Using platform encoding (UTF-8 actually) to copy filtered resources, i.e. build is platform dependent!
2019-09-10 22:43:39,005 [Worker-20: Building workspace] INFO  o.e.m.c.i.embedder.EclipseLogger - skip non existing resourceDirectory /Users/christophercatzin/BookStore/BookStoreWebsite/BookStoreWebsite/src/main/resources
2019-09-10 22:43:39,007 [Worker-20: Building workspace] WARN  o.e.m.c.i.embedder.EclipseLogger - Using platform encoding (UTF-8 actually) to copy filtered resources, i.e. build is platform dependent!
2019-09-10 22:43:39,008 [Worker-20: Building workspace] INFO  o.e.m.c.i.embedder.EclipseLogger - skip non existing resourceDirectory /Users/christophercatzin/BookStore/BookStoreWebsite/BookStoreWebsite/src/test/resources
2019-09-10 22:49:04,245 [Worker-24: Building workspace] WARN  o.e.m.c.i.embedder.EclipseLogger - Using platform encoding (UTF-8 actually) to copy filtered resources, i.e. build is platform dependent!
2019-09-10 22:49:04,246 [Worker-24: Building workspace] INFO  o.e.m.c.i.embedder.EclipseLogger - skip non existing resourceDirectory /Users/christophercatzin/BookStore/BookStoreWebsite/BookStoreWebsite/src/main/resources
2019-09-10 22:49:04,247 [Worker-24: Building workspace] WARN  o.e.m.c.i.embedder.EclipseLogger - Using platform encoding (UTF-8 actually) to copy filtered resources, i.e. build is platform dependent!
2019-09-10 22:49:04,248 [Worker-24: Building workspace] INFO  o.e.m.c.i.embedder.EclipseLogger - skip non existing resourceDirectory /Users/christophercatzin/BookStore/BookStoreWebsite/BookStoreWebsite/src/test/resources
2019-09-10 22:59:59,030 [Worker-23: Building workspace] WARN  o.e.m.c.i.embedder.EclipseLogger - Using platform encoding (UTF-8 actually) to copy filtered resources, i.e. build is platform dependent!
2019-09-10 22:59:59,031 [Worker-23: Building workspace] INFO  o.e.m.c.i.embedder.EclipseLogger - skip non existing resourceDirectory /Users/christophercatzin/BookStore/BookStoreWebsite/BookStoreWebsite/src/main/resources
2019-09-10 22:59:59,033 [Worker-23: Building workspace] WARN  o.e.m.c.i.embedder.EclipseLogger - Using platform encoding (UTF-8 actually) to copy filtered resources, i.e. build is platform dependent!
2019-09-10 22:59:59,034 [Worker-23: Building workspace] INFO  o.e.m.c.i.embedder.EclipseLogger - skip non existing resourceDirectory /Users/christophercatzin/BookStore/BookStoreWebsite/BookStoreWebsite/src/test/resources
2019-09-10 23:17:47,454 [Worker-35: Building workspace] WARN  o.e.m.c.i.embedder.EclipseLogger - Using platform encoding (UTF-8 actually) to copy filtered resources, i.e. build is platform dependent!
2019-09-10 23:17:47,456 [Worker-35: Building workspace] INFO  o.e.m.c.i.embedder.EclipseLogger - skip non existing resourceDirectory /Users/christophercatzin/BookStore/BookStoreWebsite/BookStoreWebsite/src/main/resources
2019-09-10 23:17:47,458 [Worker-35: Building workspace] WARN  o.e.m.c.i.embedder.EclipseLogger - Using platform encoding (UTF-8 actually) to copy filtered resources, i.e. build is platform dependent!
2019-09-10 23:17:47,459 [Worker-35: Building workspace] INFO  o.e.m.c.i.embedder.EclipseLogger - skip non existing resourceDirectory /Users/christophercatzin/BookStore/BookStoreWebsite/BookStoreWebsite/src/test/resources
2019-09-11 21:42:04,124 [Worker-130: Building workspace] WARN  o.e.m.c.i.embedder.EclipseLogger - Using platform encoding (UTF-8 actually) to copy filtered resources, i.e. build is platform dependent!
2019-09-11 21:42:04,146 [Worker-130: Building workspace] INFO  o.e.m.c.i.embedder.EclipseLogger - skip non existing resourceDirectory /Users/christophercatzin/BookStore/BookStoreWebsite/BookStoreWebsite/src/main/resources
2019-09-11 21:42:04,148 [Worker-130: Building workspace] WARN  o.e.m.c.i.embedder.EclipseLogger - Using platform encoding (UTF-8 actually) to copy filtered resources, i.e. build is platform dependent!
2019-09-11 21:42:04,153 [Worker-130: Building workspace] INFO  o.e.m.c.i.embedder.EclipseLogger - skip non existing resourceDirectory /Users/christophercatzin/BookStore/BookStoreWebsite/BookStoreWebsite/src/test/resources
2019-09-11 21:43:21,676 [Worker-130: Building workspace] WARN  o.e.m.c.i.embedder.EclipseLogger - Using platform encoding (UTF-8 actually) to copy filtered resources, i.e. build is platform dependent!
2019-09-11 21:43:21,678 [Worker-130: Building workspace] INFO  o.e.m.c.i.embedder.EclipseLogger - skip non existing resourceDirectory /Users/christophercatzin/BookStore/BookStoreWebsite/BookStoreWebsite/src/main/resources
2019-09-11 21:43:21,679 [Worker-130: Building workspace] WARN  o.e.m.c.i.embedder.EclipseLogger - Using platform encoding (UTF-8 actually) to copy filtered resources, i.e. build is platform dependent!
2019-09-11 21:43:21,680 [Worker-130: Building workspace] INFO  o.e.m.c.i.embedder.EclipseLogger - skip non existing resourceDirectory /Users/christophercatzin/BookStore/BookStoreWebsite/BookStoreWebsite/src/test/resources
2019-09-11 21:57:21,764 [Worker-142: Building workspace] WARN  o.e.m.c.i.embedder.EclipseLogger - Using platform encoding (UTF-8 actually) to copy filtered resources, i.e. build is platform dependent!
2019-09-11 21:57:21,766 [Worker-142: Building workspace] INFO  o.e.m.c.i.embedder.EclipseLogger - skip non existing resourceDirectory /Users/christophercatzin/BookStore/BookStoreWebsite/BookStoreWebsite/src/main/resources
2019-09-11 21:57:21,773 [Worker-142: Building workspace] WARN  o.e.m.c.i.embedder.EclipseLogger - Using platform encoding (UTF-8 actually) to copy filtered resources, i.e. build is platform dependent!
2019-09-11 21:57:21,779 [Worker-142: Building workspace] INFO  o.e.m.c.i.embedder.EclipseLogger - skip non existing resourceDirectory /Users/christophercatzin/BookStore/BookStoreWebsite/BookStoreWebsite/src/test/resources
2019-09-11 22:05:00,318 [Worker-141: Building workspace] WARN  o.e.m.c.i.embedder.EclipseLogger - Using platform encoding (UTF-8 actually) to copy filtered resources, i.e. build is platform dependent!
2019-09-11 22:05:00,319 [Worker-141: Building workspace] INFO  o.e.m.c.i.embedder.EclipseLogger - skip non existing resourceDirectory /Users/christophercatzin/BookStore/BookStoreWebsite/BookStoreWebsite/src/main/resources
2019-09-11 22:05:00,323 [Worker-141: Building workspace] WARN  o.e.m.c.i.embedder.EclipseLogger - Using platform encoding (UTF-8 actually) to copy filtered resources, i.e. build is platform dependent!
2019-09-11 22:05:00,335 [Worker-141: Building workspace] INFO  o.e.m.c.i.embedder.EclipseLogger - skip non existing resourceDirectory /Users/christophercatzin/BookStore/BookStoreWebsite/BookStoreWebsite/src/test/resources
2019-09-11 22:32:05,761 [Worker-145: Launching UsersTest] WARN  o.e.m.c.i.embedder.EclipseLogger - Using platform encoding (UTF-8 actually) to copy filtered resources, i.e. build is platform dependent!
2019-09-11 22:32:05,763 [Worker-145: Launching UsersTest] INFO  o.e.m.c.i.embedder.EclipseLogger - skip non existing resourceDirectory /Users/christophercatzin/BookStore/BookStoreWebsite/BookStoreWebsite/src/main/resources
2019-09-11 22:32:05,765 [Worker-145: Launching UsersTest] WARN  o.e.m.c.i.embedder.EclipseLogger - Using platform encoding (UTF-8 actually) to copy filtered resources, i.e. build is platform dependent!
2019-09-11 22:32:05,766 [Worker-145: Launching UsersTest] INFO  o.e.m.c.i.embedder.EclipseLogger - skip non existing resourceDirectory /Users/christophercatzin/BookStore/BookStoreWebsite/BookStoreWebsite/src/test/resources
2019-09-11 22:39:39,339 [Worker-158: Building workspace] WARN  o.e.m.c.i.embedder.EclipseLogger - Using platform encoding (UTF-8 actually) to copy filtered resources, i.e. build is platform dependent!
2019-09-11 22:39:39,341 [Worker-158: Building workspace] INFO  o.e.m.c.i.embedder.EclipseLogger - skip non existing resourceDirectory /Users/christophercatzin/BookStore/BookStoreWebsite/BookStoreWebsite/src/main/resources
2019-09-11 22:39:39,342 [Worker-158: Building workspace] WARN  o.e.m.c.i.embedder.EclipseLogger - Using platform encoding (UTF-8 actually) to copy filtered resources, i.e. build is platform dependent!
2019-09-11 22:39:39,343 [Worker-158: Building workspace] INFO  o.e.m.c.i.embedder.EclipseLogger - skip non existing resourceDirectory /Users/christophercatzin/BookStore/BookStoreWebsite/BookStoreWebsite/src/test/resources
2019-09-12 00:28:25,077 [Worker-172: Building workspace] ERROR o.e.m.c.i.URLConnectionCaches - Unexpected URLConnection defaultUseCaches enabled
2019-09-12 00:28:25,083 [Worker-172: Building workspace] WARN  o.e.m.c.i.embedder.EclipseLogger - Using platform encoding (UTF-8 actually) to copy filtered resources, i.e. build is platform dependent!
2019-09-12 00:28:25,084 [Worker-172: Building workspace] INFO  o.e.m.c.i.embedder.EclipseLogger - skip non existing resourceDirectory /Users/christophercatzin/BookStore/BookStoreWebsite/BookStoreWebsite/src/main/resources
2019-09-12 00:28:25,086 [Worker-172: Building workspace] WARN  o.e.m.c.i.embedder.EclipseLogger - Using platform encoding (UTF-8 actually) to copy filtered resources, i.e. build is platform dependent!
2019-09-12 00:28:25,087 [Worker-172: Building workspace] INFO  o.e.m.c.i.embedder.EclipseLogger - skip non existing resourceDirectory /Users/christophercatzin/BookStore/BookStoreWebsite/BookStoreWebsite/src/test/resources
2019-09-12 00:28:26,111 [Worker-172: Building workspace] ERROR o.e.m.c.i.URLConnectionCaches - Unexpected URLConnection defaultUseCaches enabled
2019-09-12 00:28:26,114 [Worker-172: Building workspace] WARN  o.e.m.c.i.embedder.EclipseLogger - Using platform encoding (UTF-8 actually) to copy filtered resources, i.e. build is platform dependent!
2019-09-12 00:28:26,115 [Worker-172: Building workspace] INFO  o.e.m.c.i.embedder.EclipseLogger - skip non existing resourceDirectory /Users/christophercatzin/BookStore/BookStoreWebsite/BookStoreWebsite/src/main/resources
2019-09-12 00:28:26,116 [Worker-172: Building workspace] WARN  o.e.m.c.i.embedder.EclipseLogger - Using platform encoding (UTF-8 actually) to copy filtered resources, i.e. build is platform dependent!
2019-09-12 00:28:26,117 [Worker-172: Building workspace] INFO  o.e.m.c.i.embedder.EclipseLogger - skip non existing resourceDirectory /Users/christophercatzin/BookStore/BookStoreWebsite/BookStoreWebsite/src/test/resources
2019-09-12 00:28:52,012 [Worker-172: Building workspace] ERROR o.e.m.c.i.URLConnectionCaches - Unexpected URLConnection defaultUseCaches enabled
2019-09-12 00:28:52,016 [Worker-172: Building workspace] WARN  o.e.m.c.i.embedder.EclipseLogger - Using platform encoding (UTF-8 actually) to copy filtered resources, i.e. build is platform dependent!
2019-09-12 00:28:52,017 [Worker-172: Building workspace] INFO  o.e.m.c.i.embedder.EclipseLogger - skip non existing resourceDirectory /Users/christophercatzin/BookStore/BookStoreWebsite/BookStoreWebsite/src/main/resources
2019-09-12 00:28:52,019 [Worker-172: Building workspace] WARN  o.e.m.c.i.embedder.EclipseLogger - Using platform encoding (UTF-8 actually) to copy filtered resources, i.e. build is platform dependent!
2019-09-12 00:28:52,022 [Worker-172: Building workspace] INFO  o.e.m.c.i.embedder.EclipseLogger - skip non existing resourceDirectory /Users/christophercatzin/BookStore/BookStoreWebsite/BookStoreWebsite/src/test/resources
2019-09-12 00:40:01,956 [Worker-173: Building workspace] ERROR o.e.m.c.i.URLConnectionCaches - Unexpected URLConnection defaultUseCaches enabled
2019-09-12 00:40:01,964 [Worker-173: Building workspace] WARN  o.e.m.c.i.embedder.EclipseLogger - Using platform encoding (UTF-8 actually) to copy filtered resources, i.e. build is platform dependent!
2019-09-12 00:40:01,967 [Worker-173: Building workspace] INFO  o.e.m.c.i.embedder.EclipseLogger - skip non existing resourceDirectory /Users/christophercatzin/BookStore/BookStoreWebsite/BookStoreWebsite/src/main/resources
2019-09-12 00:40:01,972 [Worker-173: Building workspace] WARN  o.e.m.c.i.embedder.EclipseLogger - Using platform encoding (UTF-8 actually) to copy filtered resources, i.e. build is platform dependent!
2019-09-12 00:40:01,978 [Worker-173: Building workspace] INFO  o.e.m.c.i.embedder.EclipseLogger - skip non existing resourceDirectory /Users/christophercatzin/BookStore/BookStoreWebsite/BookStoreWebsite/src/test/resources
2019-09-12 00:45:12,431 [Worker-173: Launching UsersTest] ERROR o.e.m.c.i.URLConnectionCaches - Unexpected URLConnection defaultUseCaches enabled
2019-09-12 00:45:12,436 [Worker-173: Launching UsersTest] WARN  o.e.m.c.i.embedder.EclipseLogger - Using platform encoding (UTF-8 actually) to copy filtered resources, i.e. build is platform dependent!
2019-09-12 00:45:12,437 [Worker-173: Launching UsersTest] INFO  o.e.m.c.i.embedder.EclipseLogger - skip non existing resourceDirectory /Users/christophercatzin/BookStore/BookStoreWebsite/BookStoreWebsite/src/main/resources
2019-09-12 00:45:12,439 [Worker-173: Launching UsersTest] WARN  o.e.m.c.i.embedder.EclipseLogger - Using platform encoding (UTF-8 actually) to copy filtered resources, i.e. build is platform dependent!
2019-09-12 00:45:12,440 [Worker-173: Launching UsersTest] INFO  o.e.m.c.i.embedder.EclipseLogger - skip non existing resourceDirectory /Users/christophercatzin/BookStore/BookStoreWebsite/BookStoreWebsite/src/test/resources
2019-09-12 00:45:56,855 [Worker-176: Building workspace] ERROR o.e.m.c.i.URLConnectionCaches - Unexpected URLConnection defaultUseCaches enabled
2019-09-12 00:45:56,859 [Worker-176: Building workspace] WARN  o.e.m.c.i.embedder.EclipseLogger - Using platform encoding (UTF-8 actually) to copy filtered resources, i.e. build is platform dependent!
2019-09-12 00:45:56,860 [Worker-176: Building workspace] INFO  o.e.m.c.i.embedder.EclipseLogger - skip non existing resourceDirectory /Users/christophercatzin/BookStore/BookStoreWebsite/BookStoreWebsite/src/main/resources
2019-09-12 00:45:56,861 [Worker-176: Building workspace] WARN  o.e.m.c.i.embedder.EclipseLogger - Using platform encoding (UTF-8 actually) to copy filtered resources, i.e. build is platform dependent!
2019-09-12 00:45:56,862 [Worker-176: Building workspace] INFO  o.e.m.c.i.embedder.EclipseLogger - skip non existing resourceDirectory /Users/christophercatzin/BookStore/BookStoreWebsite/BookStoreWebsite/src/test/resources
2019-09-12 00:56:53,436 [Worker-178: Launching UsersTest] ERROR o.e.m.c.i.URLConnectionCaches - Unexpected URLConnection defaultUseCaches enabled
2019-09-12 00:56:53,439 [Worker-178: Launching UsersTest] WARN  o.e.m.c.i.embedder.EclipseLogger - Using platform encoding (UTF-8 actually) to copy filtered resources, i.e. build is platform dependent!
2019-09-12 00:56:53,439 [Worker-178: Launching UsersTest] INFO  o.e.m.c.i.embedder.EclipseLogger - skip non existing resourceDirectory /Users/christophercatzin/BookStore/BookStoreWebsite/BookStoreWebsite/src/main/resources
2019-09-12 00:56:53,441 [Worker-178: Launching UsersTest] WARN  o.e.m.c.i.embedder.EclipseLogger - Using platform encoding (UTF-8 actually) to copy filtered resources, i.e. build is platform dependent!
2019-09-12 00:56:53,442 [Worker-178: Launching UsersTest] INFO  o.e.m.c.i.embedder.EclipseLogger - skip non existing resourceDirectory /Users/christophercatzin/BookStore/BookStoreWebsite/BookStoreWebsite/src/test/resources
2019-09-12 01:07:28,557 [Worker-183: Building workspace] ERROR o.e.m.c.i.URLConnectionCaches - Unexpected URLConnection defaultUseCaches enabled
2019-09-12 01:07:28,563 [Worker-183: Building workspace] WARN  o.e.m.c.i.embedder.EclipseLogger - Using platform encoding (UTF-8 actually) to copy filtered resources, i.e. build is platform dependent!
2019-09-12 01:07:28,564 [Worker-183: Building workspace] INFO  o.e.m.c.i.embedder.EclipseLogger - skip non existing resourceDirectory /Users/christophercatzin/BookStore/BookStoreWebsite/BookStoreWebsite/src/main/resources
2019-09-12 01:07:28,568 [Worker-183: Building workspace] WARN  o.e.m.c.i.embedder.EclipseLogger - Using platform encoding (UTF-8 actually) to copy filtered resources, i.e. build is platform dependent!
2019-09-12 01:07:28,575 [Worker-183: Building workspace] INFO  o.e.m.c.i.embedder.EclipseLogger - skip non existing resourceDirectory /Users/christophercatzin/BookStore/BookStoreWebsite/BookStoreWebsite/src/test/resources
2019-09-12 17:08:46,808 [Worker-6: Loading available Gradle versions] INFO  o.e.b.c.i.u.g.PublishedGradleVersions - Gradle version information cache is out-of-date. Trying to update.
2019-09-12 17:08:49,998 [Worker-12: Building workspace] WARN  o.e.m.c.i.embedder.EclipseLogger - Using platform encoding (UTF-8 actually) to copy filtered resources, i.e. build is platform dependent!
2019-09-12 17:08:50,001 [Worker-12: Building workspace] INFO  o.e.m.c.i.embedder.EclipseLogger - skip non existing resourceDirectory /Users/christophercatzin/BookStore/BookStoreWebsite/BookStoreWebsite/src/main/resources
2019-09-12 17:08:50,004 [Worker-12: Building workspace] WARN  o.e.m.c.i.embedder.EclipseLogger - Using platform encoding (UTF-8 actually) to copy filtered resources, i.e. build is platform dependent!
2019-09-12 17:08:50,006 [Worker-12: Building workspace] INFO  o.e.m.c.i.embedder.EclipseLogger - skip non existing resourceDirectory /Users/christophercatzin/BookStore/BookStoreWebsite/BookStoreWebsite/src/test/resources
